============================= test session starts ==============================
platform linux -- Python 3.11.14, pytest-8.4.2, pluggy-1.6.0 -- /workspace/.venv/bin/python
cachedir: .pytest_cache
rootdir: /workspace
configfile: pyproject.toml
testpaths: tests
plugins: timeout-2.4.0, mock-3.15.1, xdist-3.8.0, cov-6.3.0, anyio-4.11.0, asyncio-0.24.0
timeout: 120.0s
timeout method: signal
timeout func_only: False
asyncio: mode=Mode.AUTO, default_loop_scope=function
collecting ... collected 5973 items

tests/integration/adapters/primary/routers/test_simulation_stream_integration.py::TestSSEStreamRouterIntegration::test_router_creation_succeeds_with_event_bus_and_engine PASSED [  0%]
tests/integration/adapters/primary/routers/test_simulation_stream_integration.py::TestSSEStreamRouterIntegration::test_router_has_stream_endpoint PASSED [  0%]
tests/integration/adapters/primary/routers/test_simulation_stream_integration.py::TestSSEStreamRouterIntegration::test_router_integrates_with_fastapi_app PASSED [  0%]
tests/integration/adapters/primary/routers/test_simulation_stream_integration.py::TestSSEStreamRouterIntegration::test_router_endpoint_accepts_query_parameters PASSED [  0%]
tests/integration/adapters/primary/routers/test_simulation_stream_integration.py::TestSSEStreamRouterIntegration::test_multiple_routers_can_coexist_without_state_interference PASSED [  0%]
tests/integration/adapters/primary/routers/test_simulation_stream_integration.py::TestSSEStreamRouterIntegration::test_router_endpoint_is_async_function PASSED [  0%]
tests/integration/adapters/primary/test_agents_api.py::TestListAgents::test_list_agents_success PASSED [  0%]
tests/integration/adapters/primary/test_agents_api.py::TestListAgents::test_list_agents_with_capability_filter PASSED [  0%]
tests/integration/adapters/primary/test_agents_api.py::TestListAgents::test_list_agents_with_type_filter PASSED [  0%]
tests/integration/adapters/primary/test_agents_api.py::TestListAgents::test_list_agents_with_invalid_type_filter PASSED [  0%]
tests/integration/adapters/primary/test_agents_api.py::TestListAgents::test_list_agents_with_multiple_filters PASSED [  0%]
tests/integration/adapters/primary/test_agents_api.py::TestListAgents::test_list_agents_with_pagination PASSED [  0%]
tests/integration/adapters/primary/test_agents_api.py::TestListAgents::test_list_agents_with_sorting PASSED [  0%]
tests/integration/adapters/primary/test_agents_api.py::TestListAgents::test_list_agents_with_invalid_sort_field PASSED [  0%]
tests/integration/adapters/primary/test_agents_api.py::TestListAgents::test_list_agents_empty_result PASSED [  0%]
tests/integration/adapters/primary/test_agents_api.py::TestGetAgent::test_get_agent_success PASSED [  0%]
tests/integration/adapters/primary/test_agents_api.py::TestGetAgent::test_get_agent_with_stats PASSED [  0%]
tests/integration/adapters/primary/test_agents_api.py::TestGetAgent::test_get_agent_without_stats PASSED [  0%]
tests/integration/adapters/primary/test_agents_api.py::TestGetAgent::test_get_agent_not_found PASSED [  0%]
tests/integration/adapters/primary/test_agents_api.py::TestCreateAgent::test_create_agent_success PASSED [  0%]
tests/integration/adapters/primary/test_agents_api.py::TestCreateAgent::test_create_agent_with_defaults PASSED [  0%]
tests/integration/adapters/primary/test_agents_api.py::TestCreateAgent::test_create_agent_validation_error_invalid_name PASSED [  0%]
tests/integration/adapters/primary/test_agents_api.py::TestCreateAgent::test_create_agent_validation_error_invalid_type PASSED [  0%]
tests/integration/adapters/primary/test_agents_api.py::TestCreateAgent::test_create_agent_already_exists PASSED [  0%]
tests/integration/adapters/primary/test_agents_api.py::TestCreateAgent::test_create_agent_invalid_proficiency PASSED [  0%]
tests/integration/adapters/primary/test_agents_api.py::TestUpdateAgent::test_update_agent_success PASSED [  0%]
tests/integration/adapters/primary/test_agents_api.py::TestUpdateAgent::test_update_agent_not_found PASSED [  0%]
tests/integration/adapters/primary/test_agents_api.py::TestUpdateAgent::test_update_agent_invalid_timeout PASSED [  0%]
tests/integration/adapters/primary/test_agents_api.py::TestAgentCapabilityManagement::test_add_capability_success PASSED [  0%]
tests/integration/adapters/primary/test_agents_api.py::TestAgentCapabilityManagement::test_add_capability_already_exists PASSED [  0%]
tests/integration/adapters/primary/test_agents_api.py::TestAgentCapabilityManagement::test_remove_capability_success PASSED [  0%]
tests/integration/adapters/primary/test_agents_api.py::TestAgentCapabilityManagement::test_remove_capability_not_found PASSED [  0%]
tests/integration/adapters/primary/test_agents_api.py::TestAgentCapabilityManagement::test_remove_last_capability PASSED [  0%]
tests/integration/adapters/primary/test_agents_api.py::TestAgentCapabilityManagement::test_update_capability_success PASSED [  0%]
tests/integration/adapters/primary/test_agents_api.py::TestAgentCapabilityManagement::test_update_capability_not_found PASSED [  0%]
tests/integration/adapters/primary/test_agents_api.py::TestAgentMcpServerManagement::test_add_mcp_server_success PASSED [  0%]
tests/integration/adapters/primary/test_agents_api.py::TestAgentMcpServerManagement::test_add_mcp_server_already_exists PASSED [  0%]
tests/integration/adapters/primary/test_agents_api.py::TestAgentMcpServerManagement::test_remove_mcp_server_success PASSED [  0%]
tests/integration/adapters/primary/test_agents_api.py::TestAgentMcpServerManagement::test_remove_mcp_server_not_found PASSED [  0%]
tests/integration/adapters/primary/test_agents_api.py::TestDeleteAgent::test_delete_agent_success PASSED [  0%]
tests/integration/adapters/primary/test_agents_api.py::TestDeleteAgent::test_delete_agent_not_found PASSED [  0%]
tests/integration/adapters/primary/test_config_api.py::TestProjectConfiguration::test_get_project_config_success PASSED [  0%]
tests/integration/adapters/primary/test_config_api.py::TestProjectConfiguration::test_get_project_config_not_found PASSED [  0%]
tests/integration/adapters/primary/test_config_api.py::TestProjectConfiguration::test_update_project_config_success PASSED [  0%]
tests/integration/adapters/primary/test_config_api.py::TestProjectConfiguration::test_update_project_config_validation_error PASSED [  0%]
tests/integration/adapters/primary/test_config_api.py::TestProjectConfiguration::test_list_projects_with_pagination PASSED [  0%]
tests/integration/adapters/primary/test_config_api.py::TestProjectConfiguration::test_list_projects_empty_result PASSED [  0%]
tests/integration/adapters/primary/test_config_api.py::TestPipelineConfiguration::test_get_pipeline_config_success PASSED [  0%]
tests/integration/adapters/primary/test_config_api.py::TestPipelineConfiguration::test_update_pipeline_config_add_stage PASSED [  0%]
tests/integration/adapters/primary/test_config_api.py::TestPipelineConfiguration::test_list_pipelines_filtered_by_project PASSED [  0%]
tests/integration/adapters/primary/test_config_api.py::TestAgentConfiguration::test_get_agent_config_success PASSED [  0%]
tests/integration/adapters/primary/test_config_api.py::TestAgentConfiguration::test_update_agent_config_capabilities PASSED [  0%]
tests/integration/adapters/primary/test_config_api.py::TestAgentConfiguration::test_update_agent_config_model_params PASSED [  0%]
tests/integration/adapters/primary/test_config_api.py::TestEnvironmentVariables::test_add_environment_variable_project_scope PASSED [  0%]
tests/integration/adapters/primary/test_config_api.py::TestEnvironmentVariables::test_remove_environment_variable PASSED [  0%]
tests/integration/adapters/primary/test_config_api.py::TestConfigurationSearch::test_search_configs_by_keyword PASSED [  0%]
tests/integration/adapters/primary/test_config_api.py::TestConfigurationSearch::test_search_configs_filtered_by_type PASSED [  0%]
tests/integration/adapters/primary/test_config_api.py::TestConfigurationVersioning::test_get_config_version_history PASSED [  0%]
tests/integration/adapters/primary/test_executions_api.py::TestListExecutions::test_list_executions_success PASSED [  0%]
tests/integration/adapters/primary/test_executions_api.py::TestListExecutions::test_list_executions_with_status_filter PASSED [  1%]
tests/integration/adapters/primary/test_executions_api.py::TestListExecutions::test_list_executions_with_invalid_status PASSED [  1%]
tests/integration/adapters/primary/test_executions_api.py::TestListExecutions::test_list_executions_with_multiple_filters PASSED [  1%]
tests/integration/adapters/primary/test_executions_api.py::TestListExecutions::test_list_executions_with_date_range PASSED [  1%]
tests/integration/adapters/primary/test_executions_api.py::TestListExecutions::test_list_executions_with_invalid_date_format PASSED [  1%]
tests/integration/adapters/primary/test_executions_api.py::TestListExecutions::test_list_executions_with_invalid_date_range PASSED [  1%]
tests/integration/adapters/primary/test_executions_api.py::TestListExecutions::test_list_executions_with_pagination PASSED [  1%]
tests/integration/adapters/primary/test_executions_api.py::TestListExecutions::test_list_executions_with_sorting PASSED [  1%]
tests/integration/adapters/primary/test_executions_api.py::TestListExecutions::test_list_executions_with_invalid_sort_field PASSED [  1%]
tests/integration/adapters/primary/test_executions_api.py::TestListExecutions::test_list_executions_empty_result PASSED [  1%]
tests/integration/adapters/primary/test_executions_api.py::TestGetExecution::test_get_execution_success PASSED [  1%]
tests/integration/adapters/primary/test_executions_api.py::TestGetExecution::test_get_execution_with_agent_failure PASSED [  1%]
tests/integration/adapters/primary/test_executions_api.py::TestGetExecution::test_get_execution_with_container_crash PASSED [  1%]
tests/integration/adapters/primary/test_executions_api.py::TestGetExecution::test_get_execution_with_timeout PASSED [  1%]
tests/integration/adapters/primary/test_executions_api.py::TestGetExecution::test_get_execution_not_found PASSED [  1%]
tests/integration/adapters/primary/test_executions_api.py::TestGetExecutionLogs::test_get_execution_logs_success PASSED [  1%]
tests/integration/adapters/primary/test_executions_api.py::TestGetExecutionLogs::test_get_execution_logs_with_tail PASSED [  1%]
tests/integration/adapters/primary/test_executions_api.py::TestGetExecutionLogs::test_get_execution_logs_with_stage_filter PASSED [  1%]
tests/integration/adapters/primary/test_executions_api.py::TestGetExecutionLogs::test_get_execution_logs_not_found PASSED [  1%]
tests/integration/adapters/primary/test_executions_api.py::TestGetExecutionHistory::test_get_execution_history_success PASSED [  1%]
tests/integration/adapters/primary/test_executions_api.py::TestGetExecutionHistory::test_get_execution_history_with_limit PASSED [  1%]
tests/integration/adapters/primary/test_executions_api.py::TestGetExecutionHistory::test_get_execution_history_not_found PASSED [  1%]
tests/integration/adapters/primary/test_executions_api.py::TestTerminateExecution::test_terminate_execution_success PASSED [  1%]
tests/integration/adapters/primary/test_executions_api.py::TestTerminateExecution::test_terminate_execution_without_reason PASSED [  1%]
tests/integration/adapters/primary/test_executions_api.py::TestTerminateExecution::test_terminate_execution_not_found PASSED [  1%]
tests/integration/adapters/primary/test_executions_api.py::TestTerminateExecution::test_terminate_execution_already_completed PASSED [  1%]
tests/integration/adapters/primary/test_executions_api.py::TestTerminateExecution::test_terminate_execution_invalid_state PASSED [  1%]
tests/integration/adapters/primary/test_metrics_api.py::TestActiveAgents::test_get_active_agents_success PASSED [  1%]
tests/integration/adapters/primary/test_metrics_api.py::TestActiveAgents::test_get_active_agents_empty PASSED [  1%]
tests/integration/adapters/primary/test_metrics_api.py::TestApiUsage::test_get_api_usage_success PASSED [  1%]
tests/integration/adapters/primary/test_metrics_api.py::TestApiUsage::test_get_api_usage_unavailable PASSED [  1%]
tests/integration/adapters/primary/test_metrics_api.py::TestApiUsage::test_get_api_usage_high_usage PASSED [  1%]
tests/integration/adapters/primary/test_simple_auth_integration.py::TestPublicEndpoints::test_public_endpoint_no_auth PASSED [  1%]
tests/integration/adapters/primary/test_simple_auth_integration.py::TestProtectedEndpoints::test_protected_endpoint_no_auth PASSED [  1%]
tests/integration/adapters/primary/test_simple_auth_integration.py::TestProtectedEndpoints::test_protected_endpoint_with_valid_token_header PASSED [  1%]
tests/integration/adapters/primary/test_simple_auth_integration.py::TestProtectedEndpoints::test_protected_endpoint_with_valid_token_query PASSED [  1%]
tests/integration/adapters/primary/test_simple_auth_integration.py::TestProtectedEndpoints::test_protected_endpoint_invalid_token_header PASSED [  1%]
tests/integration/adapters/primary/test_simple_auth_integration.py::TestProtectedEndpoints::test_protected_endpoint_invalid_token_query PASSED [  1%]
tests/integration/adapters/primary/test_simple_auth_integration.py::TestProtectedEndpoints::test_protected_endpoint_malformed_auth_header PASSED [  1%]
tests/integration/adapters/primary/test_simple_auth_integration.py::TestProtectedEndpoints::test_protected_endpoint_empty_token_header PASSED [  1%]
tests/integration/adapters/primary/test_simple_auth_integration.py::TestProtectedEndpoints::test_protected_endpoint_empty_token_query PASSED [  1%]
tests/integration/adapters/primary/test_simple_auth_integration.py::TestProtectedEndpoints::test_protected_endpoint_token_in_wrong_header PASSED [  1%]
tests/integration/adapters/primary/test_simple_auth_integration.py::TestOptionalAuthEndpoints::test_optional_endpoint_no_auth PASSED [  1%]
tests/integration/adapters/primary/test_simple_auth_integration.py::TestOptionalAuthEndpoints::test_optional_endpoint_with_auth PASSED [  1%]
tests/integration/adapters/primary/test_simple_auth_integration.py::TestOptionalAuthEndpoints::test_optional_endpoint_with_invalid_auth PASSED [  1%]
tests/integration/adapters/primary/test_simple_auth_integration.py::TestAuthenticationBypassAttempts::test_bypass_with_none_token PASSED [  1%]
tests/integration/adapters/primary/test_simple_auth_integration.py::TestAuthenticationBypassAttempts::test_bypass_with_sql_injection PASSED [  1%]
tests/integration/adapters/primary/test_simple_auth_integration.py::TestAuthenticationBypassAttempts::test_bypass_with_jwt_algorithm_confusion PASSED [  1%]
tests/integration/adapters/primary/test_simple_auth_integration.py::TestAuthenticationBypassAttempts::test_bypass_with_header_injection PASSED [  1%]
tests/integration/adapters/primary/test_simple_auth_integration.py::TestAuthenticationBypassAttempts::test_bypass_with_path_traversal PASSED [  1%]
tests/integration/adapters/primary/test_simple_auth_integration.py::TestAuthenticationBypassAttempts::test_bypass_with_very_long_token PASSED [  1%]
tests/integration/adapters/primary/test_simple_auth_integration.py::TestAuthenticationBypassAttempts::test_bypass_with_unicode_tricks PASSED [  1%]
tests/integration/adapters/primary/test_simple_auth_integration.py::TestTokenPriority::test_query_param_takes_precedence PASSED [  1%]
tests/integration/adapters/primary/test_simple_auth_integration.py::TestTokenPriority::test_header_used_when_no_query_param PASSED [  1%]
tests/integration/adapters/primary/test_simple_auth_integration.py::TestTokenPriority::test_invalid_query_param_invalid_header PASSED [  1%]
tests/integration/adapters/primary/test_simple_auth_integration.py::TestCaseSensitivity::test_authorization_header_case_sensitive PASSED [  1%]
tests/integration/adapters/primary/test_simple_auth_integration.py::TestCaseSensitivity::test_bearer_prefix_case_sensitive PASSED [  1%]
tests/integration/adapters/primary/test_work_items_api.py::TestCreateWorkItem::test_create_work_item_success PASSED [  1%]
tests/integration/adapters/primary/test_work_items_api.py::TestCreateWorkItem::test_create_work_item_with_defaults PASSED [  1%]
tests/integration/adapters/primary/test_work_items_api.py::TestCreateWorkItem::test_create_work_item_validation_error PASSED [  1%]
tests/integration/adapters/primary/test_work_items_api.py::TestListWorkItems::test_list_work_items_success PASSED [  2%]
tests/integration/adapters/primary/test_work_items_api.py::TestListWorkItems::test_list_work_items_with_filters PASSED [  2%]
tests/integration/adapters/primary/test_work_items_api.py::TestListWorkItems::test_list_work_items_with_pagination PASSED [  2%]
tests/integration/adapters/primary/test_work_items_api.py::TestListWorkItems::test_list_work_items_with_search PASSED [  2%]
tests/integration/adapters/primary/test_work_items_api.py::TestGetWorkItem::test_get_work_item_success PASSED [  2%]
tests/integration/adapters/primary/test_work_items_api.py::TestGetWorkItem::test_get_work_item_not_found PASSED [  2%]
tests/integration/adapters/primary/test_work_items_api.py::TestUpdateWorkItem::test_update_work_item_success PASSED [  2%]
tests/integration/adapters/primary/test_work_items_api.py::TestUpdateWorkItem::test_update_work_item_not_found PASSED [  2%]
tests/integration/adapters/primary/test_work_items_api.py::TestDeleteWorkItem::test_delete_work_item_success PASSED [  2%]
tests/integration/adapters/primary/test_work_items_api.py::TestDeleteWorkItem::test_delete_work_item_not_found PASSED [  2%]
tests/integration/adapters/primary/test_workflow_runs_api.py::TestListWorkflowRuns::test_list_workflow_runs_success PASSED [  2%]
tests/integration/adapters/primary/test_workflow_runs_api.py::TestListWorkflowRuns::test_list_workflow_runs_with_filters PASSED [  2%]
tests/integration/adapters/primary/test_workflow_runs_api.py::TestListWorkflowRuns::test_list_workflow_runs_with_invalid_status PASSED [  2%]
tests/integration/adapters/primary/test_workflow_runs_api.py::TestListWorkflowRuns::test_list_workflow_runs_with_pagination PASSED [  2%]
tests/integration/adapters/primary/test_workflow_runs_api.py::TestGetWorkflowRun::test_get_workflow_run_success PASSED [  2%]
tests/integration/adapters/primary/test_workflow_runs_api.py::TestGetWorkflowRun::test_get_workflow_run_not_found PASSED [  2%]
tests/integration/adapters/primary/test_workflow_runs_api.py::TestGetWorkflowRunEvents::test_get_workflow_run_events_success PASSED [  2%]
tests/integration/adapters/primary/test_workflow_runs_api.py::TestGetWorkflowRunEvents::test_get_workflow_run_events_with_filters PASSED [  2%]
tests/integration/adapters/primary/test_workflow_runs_api.py::TestGetWorkflowRunEvents::test_get_workflow_run_events_not_found PASSED [  2%]
tests/integration/adapters/primary/test_workflow_runs_api.py::TestGetWorkflowRunAudit::test_get_workflow_run_audit_success PASSED [  2%]
tests/integration/adapters/primary/test_workflow_runs_api.py::TestGetWorkflowRunAudit::test_get_workflow_run_audit_with_pagination PASSED [  2%]
tests/integration/adapters/primary/test_workflow_runs_api.py::TestGetWorkflowRunAudit::test_get_workflow_run_audit_without_validation PASSED [  2%]
tests/integration/adapters/primary/test_workflow_runs_api.py::TestGetWorkflowRunAudit::test_get_workflow_run_audit_not_found PASSED [  2%]
tests/integration/adapters/primary/test_workflow_runs_api.py::TestGetWorkflowRunAudit::test_get_workflow_run_audit_server_error PASSED [  2%]
tests/integration/adapters/primary/test_workflow_runs_api.py::TestGetWorkflowRunAudit::test_get_workflow_run_audit_invalid_pagination PASSED [  2%]
tests/integration/adapters/primary/test_workflow_runs_api.py::TestGetWorkflowRunAudit::test_get_workflow_run_audit_forbidden PASSED [  2%]
tests/integration/adapters/secondary/test_claude_code_adapter.py::test_validate_configuration SKIPPED [  2%]
tests/integration/adapters/secondary/test_claude_code_adapter.py::test_simple_execution SKIPPED [  2%]
tests/integration/adapters/secondary/test_claude_code_adapter.py::test_streaming_execution SKIPPED [  2%]
tests/integration/adapters/secondary/test_claude_code_adapter.py::test_stream_completion SKIPPED [  2%]
tests/integration/adapters/secondary/test_claude_code_adapter.py::test_conversation_management SKIPPED [  2%]
tests/integration/adapters/secondary/test_claude_code_adapter.py::test_get_model_info SKIPPED [  2%]
tests/integration/adapters/secondary/test_claude_code_adapter.py::test_list_available_models SKIPPED [  2%]
tests/integration/adapters/secondary/test_claude_code_adapter.py::test_count_tokens SKIPPED [  2%]
tests/integration/adapters/secondary/test_claude_code_adapter.py::test_context_manager SKIPPED [  2%]
tests/integration/adapters/secondary/test_docker_container_adapter.py::test_run_simple_command SKIPPED [  2%]
tests/integration/adapters/secondary/test_docker_container_adapter.py::test_run_with_environment_variables SKIPPED [  2%]
tests/integration/adapters/secondary/test_docker_container_adapter.py::test_run_with_volume_mount SKIPPED [  2%]
tests/integration/adapters/secondary/test_docker_container_adapter.py::test_run_with_streaming SKIPPED [  2%]
tests/integration/adapters/secondary/test_docker_container_adapter.py::test_create_start_stop_remove SKIPPED [  2%]
tests/integration/adapters/secondary/test_docker_container_adapter.py::test_exec_in_running_container SKIPPED [  2%]
tests/integration/adapters/secondary/test_docker_container_adapter.py::test_list_containers SKIPPED [  2%]
tests/integration/adapters/secondary/test_docker_container_adapter.py::test_pull_image SKIPPED [  2%]
tests/integration/adapters/secondary/test_docker_container_adapter.py::test_image_exists SKIPPED [  2%]
tests/integration/adapters/secondary/test_docker_container_adapter.py::test_inspect_container SKIPPED [  2%]
tests/integration/adapters/secondary/test_docker_container_adapter.py::test_wait_for_container SKIPPED [  2%]
tests/integration/adapters/secondary/test_docker_container_adapter.py::test_get_container_logs SKIPPED [  2%]
tests/integration/adapters/secondary/test_docker_container_adapter.py::test_nonexistent_image SKIPPED [  2%]
tests/integration/adapters/secondary/test_docker_container_adapter.py::test_nonexistent_container SKIPPED [  2%]
tests/integration/adapters/secondary/test_docker_container_adapter.py::test_exec_on_stopped_container SKIPPED [  2%]
tests/integration/adapters/secondary/test_docker_container_adapter.py::test_context_manager SKIPPED [  2%]
tests/integration/adapters/secondary/test_elasticsearch_config_storage.py::test_save_and_get_project_config SKIPPED [  2%]
tests/integration/adapters/secondary/test_elasticsearch_config_storage.py::test_get_project_config_by_name SKIPPED [  2%]
tests/integration/adapters/secondary/test_elasticsearch_config_storage.py::test_update_project_config_versioning SKIPPED [  2%]
tests/integration/adapters/secondary/test_elasticsearch_config_storage.py::test_get_nonexistent_project_raises_error SKIPPED [  2%]
tests/integration/adapters/secondary/test_elasticsearch_config_storage.py::test_save_and_get_agent_config SKIPPED [  2%]
tests/integration/adapters/secondary/test_elasticsearch_config_storage.py::test_save_and_get_pipeline_config SKIPPED [  2%]
tests/integration/adapters/secondary/test_elasticsearch_config_storage.py::test_save_and_get_workflow_template SKIPPED [  2%]
tests/integration/adapters/secondary/test_elasticsearch_config_storage.py::test_list_projects SKIPPED [  2%]
tests/integration/adapters/secondary/test_elasticsearch_config_storage.py::test_list_agents SKIPPED [  2%]
tests/integration/adapters/secondary/test_elasticsearch_config_storage.py::test_search_configs SKIPPED [  3%]
tests/integration/adapters/secondary/test_elasticsearch_config_storage.py::test_config_version_history SKIPPED [  3%]
tests/integration/adapters/secondary/test_elasticsearch_config_storage.py::test_get_specific_config_version SKIPPED [  3%]
tests/integration/adapters/secondary/test_elasticsearch_config_storage.py::test_delete_project_config SKIPPED [  3%]
tests/integration/adapters/secondary/test_elasticsearch_config_storage.py::test_delete_agent_config SKIPPED [  3%]
tests/integration/adapters/secondary/test_elasticsearch_config_storage.py::test_exists_returns_true_for_existing_project SKIPPED [  3%]
tests/integration/adapters/secondary/test_elasticsearch_config_storage.py::test_exists_returns_false_for_nonexistent_project SKIPPED [  3%]
tests/integration/adapters/secondary/test_elasticsearch_config_storage.py::test_concurrent_updates_increment_versions SKIPPED [  3%]
tests/integration/adapters/secondary/test_git_repository_adapter.py::test_clone_repository PASSED [  3%]
tests/integration/adapters/secondary/test_git_repository_adapter.py::test_create_and_checkout_branch PASSED [  3%]
tests/integration/adapters/secondary/test_git_repository_adapter.py::test_commit_workflow PASSED [  3%]
tests/integration/adapters/secondary/test_git_repository_adapter.py::test_get_commit_info PASSED [  3%]
tests/integration/adapters/secondary/test_git_repository_adapter.py::test_get_commit_history PASSED [  3%]
tests/integration/adapters/secondary/test_git_repository_adapter.py::test_merge_branches PASSED [  3%]
tests/integration/adapters/secondary/test_git_repository_adapter.py::test_diff PASSED [  3%]
tests/integration/adapters/secondary/test_git_repository_adapter.py::test_get_file_content PASSED [  3%]
tests/integration/adapters/secondary/test_git_repository_adapter.py::test_add_remove_remote PASSED [  3%]
tests/integration/adapters/secondary/test_git_repository_adapter.py::test_invalid_repository_path PASSED [  3%]
tests/integration/adapters/secondary/test_git_repository_adapter.py::test_context_manager PASSED [  3%]
tests/integration/adapters/secondary/test_github_board_adapter.py::TestGetBoard::test_get_board_success PASSED [  3%]
tests/integration/adapters/secondary/test_github_board_adapter.py::TestGetBoard::test_get_board_not_found PASSED [  3%]
tests/integration/adapters/secondary/test_github_board_adapter.py::TestGetBoard::test_get_board_api_error PASSED [  3%]
tests/integration/adapters/secondary/test_github_board_adapter.py::TestMoveItemToColumn::test_move_item_to_column_no_context PASSED [  3%]
tests/integration/adapters/secondary/test_github_board_adapter.py::TestWebhookHandler::test_webhook_column_changed PASSED [  3%]
tests/integration/adapters/secondary/test_github_board_adapter.py::TestWebhookHandler::test_webhook_ignores_non_edited PASSED [  3%]
tests/integration/adapters/secondary/test_github_board_adapter.py::TestWebhookHandler::test_webhook_ignores_non_field_changes PASSED [  3%]
tests/integration/adapters/secondary/test_github_board_adapter.py::TestPollingMechanism::test_polling_detects_changes PASSED [  3%]
tests/integration/adapters/secondary/test_github_board_adapter.py::TestEventEmission::test_on_registers_handler PASSED [  3%]
tests/integration/adapters/secondary/test_github_board_adapter.py::TestEventEmission::test_off_unregisters_handler PASSED [  3%]
tests/integration/adapters/secondary/test_github_board_adapter.py::TestEventEmission::test_emit_calls_handlers PASSED [  3%]
tests/integration/adapters/secondary/test_github_board_adapter.py::TestErrorHandling::test_invalid_board_response PASSED [  3%]
tests/integration/adapters/secondary/test_github_board_adapter.py::TestErrorHandling::test_graphql_error_handling PASSED [  3%]
tests/integration/adapters/secondary/test_github_discussion_adapter.py::TestGitHubDiscussionAdapterWebhook::test_webhook_created_action_emits_event PASSED [  3%]
tests/integration/adapters/secondary/test_github_discussion_adapter.py::TestGitHubDiscussionAdapterWebhook::test_webhook_skips_bot_comments PASSED [  3%]
tests/integration/adapters/secondary/test_github_discussion_adapter.py::TestGitHubDiscussionAdapterWebhook::test_webhook_ignores_unmonitored_issues PASSED [  3%]
tests/integration/adapters/secondary/test_github_discussion_adapter.py::TestGitHubDiscussionAdapterWebhook::test_webhook_ignores_deleted_action PASSED [  3%]
tests/integration/adapters/secondary/test_github_discussion_adapter.py::TestGitHubDiscussionAdapterWebhook::test_webhook_invalid_payload_raises_error PASSED [  3%]
tests/integration/adapters/secondary/test_github_discussion_adapter.py::TestGitHubDiscussionAdapterWebhook::test_webhook_tracks_last_processed_comment PASSED [  3%]
tests/integration/adapters/secondary/test_github_discussion_adapter.py::TestGitHubDiscussionAdapterPolling::test_polling_detects_new_comments PASSED [  3%]
tests/integration/adapters/secondary/test_github_discussion_adapter.py::TestGitHubDiscussionAdapterPolling::test_polling_respects_interval PASSED [  3%]
tests/integration/adapters/secondary/test_github_discussion_adapter.py::TestGitHubDiscussionAdapterQueries::test_get_thread_returns_all_comments PASSED [  3%]
tests/integration/adapters/secondary/test_github_discussion_adapter.py::TestGitHubDiscussionAdapterQueries::test_get_thread_invalid_work_item_raises_error PASSED [  3%]
tests/integration/adapters/secondary/test_github_discussion_adapter.py::TestGitHubDiscussionAdapterQueries::test_get_thread_issue_not_found_raises_error PASSED [  3%]
tests/integration/adapters/secondary/test_github_discussion_adapter.py::TestGitHubDiscussionAdapterQueries::test_get_thread_authentication_error PASSED [  3%]
tests/integration/adapters/secondary/test_github_discussion_adapter.py::TestGitHubDiscussionAdapterCommands::test_add_comment_posts_and_emits_event PASSED [  3%]
tests/integration/adapters/secondary/test_github_discussion_adapter.py::TestGitHubDiscussionAdapterCommands::test_add_comment_validation PASSED [  3%]
tests/integration/adapters/secondary/test_github_discussion_adapter.py::TestGitHubDiscussionAdapterCommands::test_add_comment_issue_not_found PASSED [  3%]
tests/integration/adapters/secondary/test_github_discussion_adapter.py::TestGitHubDiscussionAdapterMonitoring::test_start_monitoring_initializes_state PASSED [  3%]
tests/integration/adapters/secondary/test_github_discussion_adapter.py::TestGitHubDiscussionAdapterMonitoring::test_start_monitoring_starts_polling PASSED [  3%]
tests/integration/adapters/secondary/test_github_discussion_adapter.py::TestGitHubDiscussionAdapterMonitoring::test_stop_monitoring_cleans_up_state PASSED [  3%]
tests/integration/adapters/secondary/test_github_discussion_adapter.py::TestGitHubDiscussionAdapterMonitoring::test_stop_monitoring_not_monitoring_raises_error PASSED [  3%]
tests/integration/adapters/secondary/test_github_discussion_adapter.py::TestGitHubDiscussionAdapterMonitoring::test_start_monitoring_validation PASSED [  3%]
tests/integration/adapters/secondary/test_github_discussion_adapter.py::TestGitHubDiscussionAdapterEventEmission::test_on_subscribes_to_events PASSED [  3%]
tests/integration/adapters/secondary/test_github_discussion_adapter.py::TestGitHubDiscussionAdapterEventEmission::test_off_unsubscribes_from_events PASSED [  3%]
tests/integration/adapters/secondary/test_github_discussion_adapter.py::TestGitHubDiscussionAdapterEventEmission::test_emit_calls_all_handlers PASSED [  3%]
tests/integration/adapters/secondary/test_github_discussion_adapter.py::TestGitHubDiscussionAdapterEventEmission::test_on_validation PASSED [  3%]
tests/integration/adapters/secondary/test_github_discussion_adapter.py::TestGitHubDiscussionAdapterEventEmission::test_emit_validation PASSED [  3%]
tests/integration/adapters/secondary/test_github_discussion_adapter.py::TestGitHubDiscussionAdapterDiscussionNodeId::test_add_comment_discussion_id_calls_graphql PASSED [  3%]
tests/integration/adapters/secondary/test_github_discussion_adapter.py::TestGitHubDiscussionAdapterDiscussionNodeId::test_add_comment_discussion_emits_posted_event_when_monitoring PASSED [  3%]
tests/integration/adapters/secondary/test_github_discussion_adapter.py::TestGitHubDiscussionAdapterDiscussionNodeId::test_add_comment_discussion_no_graphql_client_raises PASSED [  4%]
tests/integration/adapters/secondary/test_github_discussion_adapter.py::TestGitHubDiscussionAdapterDiscussionNodeId::test_add_comment_discussion_not_found_raises_resource_not_found PASSED [  4%]
tests/integration/adapters/secondary/test_github_discussion_adapter.py::TestGitHubDiscussionAdapterDiscussionNodeId::test_add_comment_invalid_id_clear_error_message PASSED [  4%]
tests/integration/adapters/secondary/test_github_discussion_adapter.py::TestGitHubDiscussionAdapterDiscussionNodeId::test_get_thread_discussion_id_fetches_via_graphql PASSED [  4%]
tests/integration/adapters/secondary/test_github_discussion_adapter.py::TestGitHubDiscussionAdapterDiscussionNodeId::test_get_thread_discussion_paginates PASSED [  4%]
tests/integration/adapters/secondary/test_github_discussion_adapter.py::TestGitHubDiscussionAdapterDiscussionNodeId::test_get_thread_discussion_not_found_raises_resource_not_found PASSED [  4%]
tests/integration/adapters/secondary/test_github_discussion_adapter.py::TestGitHubDiscussionAdapterDiscussionNodeId::test_get_thread_discussion_no_graphql_client_raises PASSED [  4%]
tests/integration/adapters/secondary/test_github_discussion_adapter.py::TestGitHubDiscussionAdapterDiscussionNodeId::test_get_thread_invalid_id_clear_error_message PASSED [  4%]
tests/integration/adapters/secondary/test_github_rate_limiting.py::TestGitHubRateLimiting::test_rate_limit_headers_parsed_correctly PASSED [  4%]
tests/integration/adapters/secondary/test_github_rate_limiting.py::TestGitHubRateLimiting::test_429_response_raises_rate_limit_error PASSED [  4%]
tests/integration/adapters/secondary/test_github_rate_limiting.py::TestGitHubRateLimiting::test_retry_after_header_respected PASSED [  4%]
tests/integration/adapters/secondary/test_github_rate_limiting.py::TestGitHubRateLimiting::test_rate_limit_reset_calculation PASSED [  4%]
tests/integration/adapters/secondary/test_github_rate_limiting.py::TestGitHubRateLimiting::test_rate_limit_response_structure PASSED [  4%]
tests/integration/adapters/secondary/test_github_ticket_adapter.py::test_get_work_item SKIPPED [  4%]
tests/integration/adapters/secondary/test_github_ticket_adapter.py::test_list_work_items SKIPPED [  4%]
tests/integration/adapters/secondary/test_github_ticket_adapter.py::test_search_work_items SKIPPED [  4%]
tests/integration/adapters/secondary/test_github_ticket_adapter.py::test_create_and_update_work_item SKIPPED [  4%]
tests/integration/adapters/secondary/test_github_ticket_adapter.py::test_webhooks SKIPPED [  4%]
tests/integration/adapters/secondary/test_github_ticket_adapter.py::test_get_nonexistent_work_item PASSED [  4%]
tests/integration/adapters/secondary/test_github_ticket_adapter.py::test_context_manager SKIPPED [  4%]
tests/integration/adapters/secondary/test_webhook_validation.py::TestWebhookSignatureValidation::test_valid_signature_accepted PASSED [  4%]
tests/integration/adapters/secondary/test_webhook_validation.py::TestWebhookSignatureValidation::test_invalid_signature_rejected PASSED [  4%]
tests/integration/adapters/secondary/test_webhook_validation.py::TestWebhookSignatureValidation::test_signature_with_wrong_secret_rejected PASSED [  4%]
tests/integration/adapters/secondary/test_webhook_validation.py::TestWebhookSignatureValidation::test_signature_with_modified_payload_rejected PASSED [  4%]
tests/integration/adapters/secondary/test_webhook_validation.py::TestWebhookSignatureValidation::test_missing_signature_prefix_handled PASSED [  4%]
tests/integration/adapters/secondary/test_webhook_validation.py::TestWebhookSignatureValidation::test_signature_case_sensitivity PASSED [  4%]
tests/integration/adapters/secondary/test_webhook_validation.py::TestWebhookSignatureValidation::test_empty_secret_returns_false PASSED [  4%]
tests/integration/adapters/secondary/test_webhook_validation.py::TestWebhookSignatureValidation::test_missing_project_config_returns_false PASSED [  4%]
tests/integration/adapters/secondary/test_webhook_validation.py::TestTimingAttackPrevention::test_timing_safe_comparison_used PASSED [  4%]
tests/integration/adapters/secondary/test_webhook_validation.py::TestTimingAttackPrevention::test_signature_length_validation PASSED [  4%]
tests/integration/adapters/secondary/test_webhook_validation.py::TestReplayAttackPrevention::test_adapter_has_idempotency_cache PASSED [  4%]
tests/integration/adapters/secondary/test_webhook_validation.py::TestWebhookSignatureEdgeCases::test_empty_payload_signature PASSED [  4%]
tests/integration/adapters/secondary/test_webhook_validation.py::TestWebhookSignatureEdgeCases::test_large_payload_signature PASSED [  4%]
tests/integration/adapters/secondary/test_webhook_validation.py::TestWebhookSignatureEdgeCases::test_unicode_secret_handling PASSED [  4%]
tests/integration/adapters/secondary/test_webhook_validation.py::TestWebhookSignatureEdgeCases::test_special_characters_in_secret PASSED [  4%]
tests/integration/adapters/secondary/test_webhook_validation.py::TestWebhookSignatureEdgeCases::test_whitespace_in_signature_header PASSED [  4%]
tests/integration/adapters/secondary/test_webhook_validation.py::TestWebhookSignatureEdgeCases::test_non_hex_signature_rejected PASSED [  4%]
tests/integration/adapters/test_github_ci_pipeline_adapter.py::TestGetOwnerRepo::test_get_owner_repo_via_public_method PASSED [  4%]
tests/integration/adapters/test_github_ci_pipeline_adapter.py::TestGetOwnerRepo::test_get_owner_repo_raises_on_invalid_adapter PASSED [  4%]
tests/integration/adapters/test_github_ci_pipeline_adapter.py::TestEventEmitter::test_on_registers_handler PASSED [  4%]
tests/integration/adapters/test_github_ci_pipeline_adapter.py::TestEventEmitter::test_off_unregisters_handler PASSED [  4%]
tests/integration/adapters/test_github_ci_pipeline_adapter.py::TestEventEmitter::test_emit_calls_handlers PASSED [  4%]
tests/integration/adapters/test_github_ci_pipeline_adapter.py::TestEventEmitter::test_emit_handles_handler_errors PASSED [  4%]
tests/integration/adapters/test_github_ci_pipeline_adapter.py::TestMonitoring::test_start_monitoring PASSED [  4%]
tests/integration/adapters/test_github_ci_pipeline_adapter.py::TestMonitoring::test_stop_monitoring PASSED [  4%]
tests/integration/adapters/test_github_ci_pipeline_adapter.py::TestMonitoring::test_get_monitoring_status_before_start PASSED [  4%]
tests/integration/adapters/test_github_ci_pipeline_adapter.py::TestGetPRCIStatus::test_valid_pr_with_no_checks PASSED [  4%]
tests/integration/adapters/test_github_ci_pipeline_adapter.py::TestGetPRCIStatus::test_valid_pr_with_passing_checks PASSED [  4%]
tests/integration/adapters/test_github_ci_pipeline_adapter.py::TestGetPRCIStatus::test_valid_pr_with_failing_checks PASSED [  4%]
tests/integration/adapters/test_github_ci_pipeline_adapter.py::TestGetPRCIStatus::test_valid_pr_with_pending_checks PASSED [  4%]
tests/integration/adapters/test_github_ci_pipeline_adapter.py::TestGetPRCIStatus::test_valid_pr_with_running_checks PASSED [  4%]
tests/integration/adapters/test_github_ci_pipeline_adapter.py::TestGetPRCIStatus::test_emits_event_on_status_query PASSED [  4%]
tests/integration/adapters/test_github_ci_pipeline_adapter.py::TestGetPRCIStatus::test_validation_error_on_empty_pr_id PASSED [  4%]
tests/integration/adapters/test_github_ci_pipeline_adapter.py::TestGetPRCIStatus::test_validation_error_on_non_numeric_pr_id PASSED [  4%]
tests/integration/adapters/test_github_ci_pipeline_adapter.py::TestGetPRCIStatus::test_validation_error_on_empty_project_id PASSED [  4%]
tests/integration/adapters/test_github_ci_pipeline_adapter.py::TestGetPRCIStatus::test_resource_not_found_error PASSED [  4%]
tests/integration/adapters/test_github_ci_pipeline_adapter.py::TestGetPRCIStatus::test_external_service_error_on_graphql_failure PASSED [  4%]
tests/integration/adapters/test_github_ci_pipeline_adapter.py::TestGetPRCIStatus::test_external_service_error_on_invalid_response_format PASSED [  4%]
tests/integration/adapters/test_github_ci_pipeline_adapter.py::TestGetPRCIStatus::test_check_status_mapping_neutral PASSED [  4%]
tests/integration/adapters/test_github_ci_pipeline_adapter.py::TestGetPRCIStatus::test_check_status_mapping_skipped PASSED [  4%]
tests/integration/adapters/test_github_ci_pipeline_adapter.py::TestGetPRCIStatus::test_check_status_mapping_timed_out PASSED [  5%]
tests/integration/adapters/test_github_ci_pipeline_adapter.py::TestGetPRCIStatus::test_multiple_check_suites PASSED [  5%]
tests/integration/adapters/test_github_ci_pipeline_adapter.py::TestGetPRCIStatus::test_no_commits_returns_pending PASSED [  5%]
tests/integration/adapters/test_github_ci_pipeline_adapter.py::TestGetPRCIStatus::test_event_construction_failure_does_not_discard_status PASSED [  5%]
tests/integration/adapters/test_github_code_review_adapter.py::TestEventEmitter::test_on_registers_handler PASSED [  5%]
tests/integration/adapters/test_github_code_review_adapter.py::TestEventEmitter::test_off_unregisters_handler PASSED [  5%]
tests/integration/adapters/test_github_code_review_adapter.py::TestEventEmitter::test_off_raises_on_not_subscribed PASSED [  5%]
tests/integration/adapters/test_github_code_review_adapter.py::TestEventEmitter::test_emit_calls_handlers PASSED [  5%]
tests/integration/adapters/test_github_code_review_adapter.py::TestEventEmitter::test_emit_ignores_handler_errors PASSED [  5%]
tests/integration/adapters/test_github_code_review_adapter.py::TestEventEmitter::test_emit_handles_validation_error PASSED [  5%]
tests/integration/adapters/test_github_code_review_adapter.py::TestEventEmitter::test_emit_handles_type_error PASSED [  5%]
tests/integration/adapters/test_github_code_review_adapter.py::TestEventEmitter::test_emit_handles_unexpected_error PASSED [  5%]
tests/integration/adapters/test_github_code_review_adapter.py::TestEventEmitter::test_emit_multiple_handlers_one_fails PASSED [  5%]
tests/integration/adapters/test_github_code_review_adapter.py::TestEventEmitter::test_emit_logs_handler_context PASSED [  5%]
tests/integration/adapters/test_github_code_review_adapter.py::TestEventEmitter::test_emit_propagates_cancelled_error PASSED [  5%]
tests/integration/adapters/test_github_code_review_adapter.py::TestEventEmitter::test_emit_no_handlers_for_event PASSED [  5%]
tests/integration/adapters/test_github_code_review_adapter.py::TestEventEmitter::test_emit_logs_failure_summary PASSED [  5%]
tests/integration/adapters/test_github_code_review_adapter.py::TestEventEmitter::test_on_rejects_non_callable PASSED [  5%]
tests/integration/adapters/test_github_code_review_adapter.py::TestMonitoringLifecycle::test_start_monitoring_creates_status PASSED [  5%]
tests/integration/adapters/test_github_code_review_adapter.py::TestMonitoringLifecycle::test_stop_monitoring_sets_stopped PASSED [  5%]
tests/integration/adapters/test_github_code_review_adapter.py::TestMonitoringLifecycle::test_start_monitoring_without_webhook_starts_polling PASSED [  5%]
tests/integration/adapters/test_github_code_review_adapter.py::TestMonitoringLifecycle::test_start_monitoring_validates_project_id PASSED [  5%]
tests/integration/adapters/test_github_code_review_adapter.py::TestMonitoringLifecycle::test_stop_monitoring_validates_project_id PASSED [  5%]
tests/integration/adapters/test_github_code_review_adapter.py::TestMonitoringLifecycle::test_stop_monitoring_not_started_raises PASSED [  5%]
tests/integration/adapters/test_github_code_review_adapter.py::TestMonitoringLifecycle::test_stop_monitoring_cancels_polling_task PASSED [  5%]
tests/integration/adapters/test_github_code_review_adapter.py::TestQueryOperations::test_get_review_status_returns_approved PASSED [  5%]
tests/integration/adapters/test_github_code_review_adapter.py::TestQueryOperations::test_get_review_status_returns_changes_requested PASSED [  5%]
tests/integration/adapters/test_github_code_review_adapter.py::TestQueryOperations::test_get_review_status_returns_merged PASSED [  5%]
tests/integration/adapters/test_github_code_review_adapter.py::TestQueryOperations::test_get_review_status_returns_closed PASSED [  5%]
tests/integration/adapters/test_github_code_review_adapter.py::TestQueryOperations::test_get_review_status_not_found_raises PASSED [  5%]
tests/integration/adapters/test_github_code_review_adapter.py::TestQueryOperations::test_get_review_status_validates_review_id PASSED [  5%]
tests/integration/adapters/test_github_code_review_adapter.py::TestQueryOperations::test_get_review_comments_returns_all_comments PASSED [  5%]
tests/integration/adapters/test_github_code_review_adapter.py::TestCommandOperations::test_request_changes_emits_status_changed PASSED [  5%]
tests/integration/adapters/test_github_code_review_adapter.py::TestCommandOperations::test_request_changes_emits_comment_added PASSED [  5%]
tests/integration/adapters/test_github_code_review_adapter.py::TestCommandOperations::test_request_changes_validates_review_id PASSED [  5%]
tests/integration/adapters/test_github_code_review_adapter.py::TestCommandOperations::test_request_changes_validates_comments PASSED [  5%]
tests/integration/adapters/test_github_code_review_adapter.py::TestCommandOperations::test_request_changes_rejects_too_long_comments PASSED [  5%]
tests/integration/adapters/test_github_code_review_adapter.py::TestCommandOperations::test_approve_emits_status_changed PASSED [  5%]
tests/integration/adapters/test_github_code_review_adapter.py::TestWebhookHandling::test_handle_webhook_review_submitted PASSED [  5%]
tests/integration/adapters/test_github_code_review_adapter.py::TestWebhookHandling::test_handle_webhook_pr_merged PASSED [  5%]
tests/integration/adapters/test_github_code_review_adapter.py::TestWebhookHandling::test_handle_webhook_pr_closed PASSED [  5%]
tests/integration/adapters/test_github_code_review_adapter.py::TestWebhookHandling::test_handle_webhook_validates_payload PASSED [  5%]
tests/integration/adapters/test_github_code_review_adapter.py::TestStatusComputation::test_compute_review_status_merged_pr PASSED [  5%]
tests/integration/adapters/test_github_code_review_adapter.py::TestStatusComputation::test_compute_review_status_closed_pr PASSED [  5%]
tests/integration/adapters/test_github_code_review_adapter.py::TestStatusComputation::test_compute_review_status_changes_requested PASSED [  5%]
tests/integration/adapters/test_github_code_review_adapter.py::TestStatusComputation::test_compute_review_status_approved PASSED [  5%]
tests/integration/adapters/test_github_code_review_adapter.py::TestStatusComputation::test_compute_review_status_open PASSED [  5%]
tests/integration/adapters/test_github_code_review_adapter.py::TestMapGitHubReviewState::test_map_pending_to_open PASSED [  5%]
tests/integration/adapters/test_github_code_review_adapter.py::TestMapGitHubReviewState::test_map_approved_to_approved PASSED [  5%]
tests/integration/adapters/test_github_code_review_adapter.py::TestMapGitHubReviewState::test_map_changes_requested_to_changes_requested PASSED [  5%]
tests/integration/adapters/test_github_code_review_adapter.py::TestMapGitHubReviewState::test_map_dismissed_to_open PASSED [  5%]
tests/integration/adapters/test_github_code_review_adapter.py::TestMapGitHubReviewState::test_map_unknown_to_open PASSED [  5%]
tests/integration/adapters/test_github_code_review_adapter.py::TestMapGitHubReviewState::test_map_none_to_open PASSED [  5%]
tests/integration/adapters/test_github_code_review_adapter.py::TestWorkItemLinkage::test_extract_work_item_id_from_branch PASSED [  5%]
tests/integration/adapters/test_github_code_review_adapter.py::TestWorkItemLinkage::test_extract_work_item_id_from_body PASSED [  5%]
tests/integration/adapters/test_github_code_review_adapter.py::TestWorkItemLinkage::test_extract_work_item_id_none_when_not_found PASSED [  5%]
tests/integration/adapters/test_github_code_review_adapter.py::TestPollingAdaptation::test_adapt_interval_reduces_on_activity PASSED [  5%]
tests/integration/adapters/test_github_code_review_adapter.py::TestPollingAdaptation::test_adapt_interval_increases_on_inactivity PASSED [  5%]
tests/integration/adapters/test_github_code_review_adapter.py::TestPollingAdaptation::test_adapt_interval_respects_max PASSED [  5%]
tests/integration/adapters/test_github_code_review_adapter.py::TestPollingAdaptation::test_adapt_interval_respects_min PASSED [  5%]
tests/integration/application/test_agent_scheduler.py::test_schedule_success PASSED [  6%]
tests/integration/application/test_agent_scheduler.py::test_schedule_rate_limited PASSED [  6%]
tests/integration/application/test_agent_scheduler.py::test_schedule_resource_unavailable_dev_container PASSED [  6%]
tests/integration/application/test_agent_scheduler.py::test_schedule_resource_unavailable_max_concurrency PASSED [  6%]
tests/integration/application/test_agent_scheduler.py::test_can_schedule_available PASSED [  6%]
tests/integration/application/test_agent_scheduler.py::test_can_schedule_dev_container_unavailable PASSED [  6%]
tests/integration/application/test_agent_scheduler.py::test_can_schedule_max_concurrency PASSED [  6%]
tests/integration/application/test_agent_scheduler.py::test_get_queue_depth PASSED [  6%]
tests/integration/application/test_agent_scheduler.py::test_schedule_with_priority PASSED [  6%]
tests/integration/application/test_agent_scheduler.py::test_schedule_task_context PASSED [  6%]
tests/integration/application/test_agent_scheduler.py::test_schedule_multiple_tasks PASSED [  6%]
tests/integration/application/test_agent_scheduler.py::test_schedule_config_error PASSED [  6%]
tests/integration/application/test_configuration_service.py::TestProjectConfigUpdate::test_update_project_config_success PASSED [  6%]
tests/integration/application/test_configuration_service.py::TestProjectConfigUpdate::test_update_project_config_not_found PASSED [  6%]
tests/integration/application/test_configuration_service.py::TestProjectConfigUpdate::test_update_project_config_validation_error PASSED [  6%]
tests/integration/application/test_configuration_service.py::TestProjectConfigUpdate::test_update_project_config_versioning PASSED [  6%]
tests/integration/application/test_configuration_service.py::TestAgentConfigUpdate::test_update_agent_config_success PASSED [  6%]
tests/integration/application/test_configuration_service.py::TestAgentConfigUpdate::test_update_agent_config_creates_if_not_exists PASSED [  6%]
tests/integration/application/test_configuration_service.py::TestAgentConfigUpdate::test_update_agent_config_validation_error PASSED [  6%]
tests/integration/application/test_configuration_service.py::TestPipelineConfigUpdate::test_update_pipeline_config_success PASSED [  6%]
tests/integration/application/test_configuration_service.py::TestEnvironmentVariables::test_add_environment_variable_success PASSED [  6%]
tests/integration/application/test_configuration_service.py::TestEnvironmentVariables::test_update_environment_variable PASSED [  6%]
tests/integration/application/test_configuration_service.py::TestEnvironmentVariables::test_remove_environment_variable_success PASSED [  6%]
tests/integration/application/test_configuration_service.py::TestEnvironmentVariables::test_remove_nonexistent_variable_error PASSED [  6%]
tests/integration/application/test_configuration_service.py::TestEnvironmentVariables::test_environment_variable_validation PASSED [  6%]
tests/integration/application/test_configuration_service.py::TestEnvironmentVariables::test_reserved_variable_name_error PASSED [  6%]
tests/integration/application/test_configuration_service.py::TestCommandMounting::test_mount_command_success PASSED [  6%]
tests/integration/application/test_configuration_service.py::TestCommandMounting::test_mount_command_file_not_found PASSED [  6%]
tests/integration/application/test_configuration_service.py::TestCommandMounting::test_mount_command_invalid_extension PASSED [  6%]
tests/integration/application/test_configuration_service.py::TestCommandMounting::test_unmount_command_success PASSED [  6%]
tests/integration/application/test_configuration_service.py::TestCommandMounting::test_unmount_nonexistent_command_error PASSED [  6%]
tests/integration/application/test_configuration_service.py::TestSubAgentMounting::test_mount_subagent_success PASSED [  6%]
tests/integration/application/test_configuration_service.py::TestSubAgentMounting::test_mount_subagent_validation_error PASSED [  6%]
tests/integration/application/test_configuration_service.py::TestSubAgentMounting::test_unmount_subagent_success PASSED [  6%]
tests/integration/application/test_configuration_service.py::TestConfigurationCaching::test_version_history_tracking PASSED [  6%]
tests/integration/application/test_configuration_service.py::TestConfigurationCaching::test_concurrent_updates_version_increment PASSED [  6%]
tests/integration/application/test_configuration_service.py::test_concurrent_configuration_updates PASSED [  6%]
tests/integration/application/test_configuration_service.py::test_large_configuration_objects PASSED [  6%]
tests/integration/application/test_configuration_service.py::test_malformed_json_in_configuration PASSED [  6%]
tests/integration/application/test_configuration_service.py::test_search_functionality PASSED [  6%]
tests/integration/application/test_configuration_service.py::test_encryption_service_integration PASSED [  6%]
tests/integration/application/test_configuration_service.py::test_pipeline_stage_uniqueness_validation PASSED [  6%]
tests/integration/application/test_configuration_service.py::test_pipeline_circular_dependency_detection PASSED [  6%]
tests/integration/application/test_configuration_service.py::test_reserved_environment_variable_validation PASSED [  6%]
tests/integration/application/test_configuration_service.py::test_concurrent_agent_config_updates PASSED [  6%]
tests/integration/application/test_conversational_loop_orchestrator_integration.py::TestFullLoopLifecycleIntegration::test_full_loop_lifecycle_with_real_event_store PASSED [  6%]
tests/integration/application/test_conversational_loop_orchestrator_integration.py::TestSessionPersistenceAcrossInstancesIntegration::test_session_persistence_across_instances PASSED [  6%]
tests/integration/application/test_conversational_loop_orchestrator_integration.py::TestErrorHandlingIntegration::test_recovery_after_agent_error PASSED [  6%]
tests/integration/application/test_conversational_loop_orchestrator_integration.py::TestErrorHandlingIntegration::test_cleanup_on_fatal_error PASSED [  6%]
tests/integration/application/test_conversational_loop_orchestrator_integration.py::TestConcurrentSessionsWithRealEventStoreIntegration::test_concurrent_sessions_with_real_event_store PASSED [  6%]
tests/integration/application/test_conversational_loop_orchestrator_integration.py::TestConcurrentSessionsWithRealEventStoreIntegration::test_session_state_isolation_across_work_items PASSED [  6%]
tests/integration/application/test_conversational_loop_orchestrator_integration.py::TestAdapterInteractionIntegration::test_llm_provider_conversation_continuity_with_event_store PASSED [  6%]
tests/integration/application/test_event_processing.py::TestEventHandlerRegistration::test_register_all_handlers PASSED [  6%]
tests/integration/application/test_event_processing.py::TestEventHandlerRegistration::test_get_handler_by_name PASSED [  6%]
tests/integration/application/test_event_processing.py::TestEventHandlerRegistration::test_unregister_handlers PASSED [  6%]
tests/integration/application/test_event_processing.py::TestEventHandlerRegistration::test_setup_event_bus_convenience PASSED [  6%]
tests/integration/application/test_event_processing.py::TestExecutionEventHandling::test_execution_initialized_event PASSED [  6%]
tests/integration/application/test_event_processing.py::TestExecutionEventHandling::test_execution_started_event PASSED [  6%]
tests/integration/application/test_event_processing.py::TestExecutionEventHandling::test_execution_completed_event PASSED [  6%]
tests/integration/application/test_event_processing.py::TestExecutionEventHandling::test_execution_failed_event PASSED [  6%]
tests/integration/application/test_event_processing.py::TestExecutionEventHandling::test_execution_timeout_event PASSED [  7%]
tests/integration/application/test_event_processing.py::TestReviewEventHandling::test_review_cycle_created_event PASSED [  7%]
tests/integration/application/test_event_processing.py::TestReviewEventHandling::test_review_iteration_started_event PASSED [  7%]
tests/integration/application/test_event_processing.py::TestReviewEventHandling::test_review_cycle_approved_event PASSED [  7%]
tests/integration/application/test_event_processing.py::TestReviewEventHandling::test_review_cycle_rejected_event PASSED [  7%]
tests/integration/application/test_event_processing.py::TestReviewEventHandling::test_review_cycle_escalated_event PASSED [  7%]
tests/integration/application/test_event_processing.py::TestEndToEndEventFlow::test_full_execution_cycle PASSED [  7%]
tests/integration/application/test_event_processing.py::TestEndToEndEventFlow::test_full_review_cycle_approved PASSED [  7%]
tests/integration/application/test_event_processing.py::TestEndToEndEventFlow::test_full_review_cycle_with_revisions PASSED [  7%]
tests/integration/application/test_event_processing.py::TestEndToEndEventFlow::test_event_bus_statistics PASSED [  7%]
tests/integration/application/test_event_processing.py::TestEventHandlerErrorHandling::test_handler_retry_on_failure PASSED [  7%]
tests/integration/application/test_event_processing.py::TestEventHandlerErrorHandling::test_handler_max_retries_exceeded PASSED [  7%]
tests/integration/application/test_execution_service.py::test_create_execution PASSED [  7%]
tests/integration/application/test_execution_service.py::test_start_execution PASSED [  7%]
tests/integration/application/test_execution_service.py::test_execute_with_llm_success PASSED [  7%]
tests/integration/application/test_execution_service.py::test_execute_with_container_creates_container PASSED [  7%]
tests/integration/application/test_execution_service.py::test_cancel_execution PASSED [  7%]
tests/integration/application/test_execution_service.py::test_get_execution_logs PASSED [  7%]
tests/integration/application/test_feedback_processor.py::test_parse_approval_review PASSED [  7%]
tests/integration/application/test_feedback_processor.py::test_parse_issues_review PASSED [  7%]
tests/integration/application/test_feedback_processor.py::test_parse_escalation_review PASSED [  7%]
tests/integration/application/test_feedback_processor.py::test_parse_mixed_review PASSED [  7%]
tests/integration/application/test_feedback_processor.py::test_extract_actionable_items PASSED [  7%]
tests/integration/application/test_feedback_processor.py::test_detect_approval_decision PASSED [  7%]
tests/integration/application/test_feedback_processor.py::test_detect_request_changes_decision PASSED [  7%]
tests/integration/application/test_feedback_processor.py::test_detect_escalation_decision PASSED [  7%]
tests/integration/application/test_feedback_processor.py::test_infer_severity PASSED [  7%]
tests/integration/application/test_feedback_processor.py::test_extract_location PASSED [  7%]
tests/integration/application/test_feedback_processor.py::test_format_feedback_for_maker PASSED [  7%]
tests/integration/application/test_feedback_processor.py::test_severity_to_priority PASSED [  7%]
tests/integration/application/test_feedback_processor.py::test_actionable_items_prioritization PASSED [  7%]
tests/integration/application/test_feedback_processor.py::test_empty_review PASSED [  7%]
tests/integration/application/test_feedback_processor.py::test_malformed_review PASSED [  7%]
tests/integration/application/test_feedback_processor.py::test_numbered_list_parsing PASSED [  7%]
tests/integration/application/test_feedback_processor.py::test_bulleted_list_parsing PASSED [  7%]
tests/integration/application/test_feedback_processor.py::test_extract_suggestions_various_formats PASSED [  7%]
tests/integration/application/test_pipeline_locking_concurrency.py::TestPipelineLockingConcurrency::test_concurrent_lock_acquisitions_only_one_succeeds PASSED [  7%]
tests/integration/application/test_pipeline_locking_concurrency.py::TestPipelineLockingConcurrency::test_concurrent_position_updates_during_lock_operations PASSED [  7%]
tests/integration/application/test_pipeline_locking_concurrency.py::TestPipelineLockingConcurrency::test_race_between_lock_release_and_position_update PASSED [  7%]
tests/integration/application/test_pipeline_locking_concurrency.py::TestPipelineLockingConcurrency::test_stale_lock_recovery_under_concurrent_acquisition PASSED [  7%]
tests/integration/application/test_pipeline_locking_concurrency.py::TestPipelineLockingConcurrency::test_queue_consistency_with_many_concurrent_items PASSED [  7%]
tests/integration/application/test_pipeline_locking_concurrency.py::TestPipelineLockingConcurrency::test_sequential_handoff_after_lock_release PASSED [  7%]
tests/integration/application/test_pipeline_locking_concurrency.py::TestPipelineLockingConcurrency::test_release_by_non_holder_raises_error PASSED [  7%]
tests/integration/application/test_pipeline_locking_concurrency.py::TestPipelineLockingConcurrency::test_already_held_when_item_acquires_twice PASSED [  7%]
tests/integration/application/test_pipeline_manager.py::test_execute_simple_pipeline PASSED [  7%]
tests/integration/application/test_pipeline_manager.py::test_execute_pipeline_with_dependencies PASSED [  7%]
tests/integration/application/test_pipeline_manager.py::test_execute_stage_successful PASSED [  7%]
tests/integration/application/test_pipeline_manager.py::test_execute_stage_marks_ready PASSED [  7%]
tests/integration/application/test_pipeline_manager.py::test_checkpoint_after_each_stage PASSED [  7%]
tests/integration/application/test_pipeline_manager.py::test_recover_from_checkpoint PASSED [  7%]
tests/integration/application/test_pipeline_manager.py::test_checkpoint_save_and_recover PASSED [  7%]
tests/integration/application/test_pipeline_manager.py::test_parallel_stages_after_dependency PASSED [  7%]
tests/integration/application/test_pipeline_manager.py::test_pipeline_failure_emits_event PASSED [  7%]
tests/integration/application/test_pipeline_manager.py::test_review_stage_execution PASSED [  7%]
tests/integration/application/test_pipeline_manager.py::test_context_propagates_through_stages PASSED [  7%]
tests/integration/application/test_pipeline_manager.py::test_pipeline_tracks_duration PASSED [  7%]
tests/integration/application/test_pipeline_manager.py::test_stage_tracks_duration PASSED [  7%]
tests/integration/application/test_pipeline_manager.py::test_empty_workflow PASSED [  7%]
tests/integration/application/test_pipeline_manager.py::test_checkpoint_without_store PASSED [  7%]
tests/integration/application/test_pipeline_manager_negative.py::test_pipeline_stops_on_sequential_stage_failure PASSED [  8%]
tests/integration/application/test_pipeline_manager_negative.py::test_parallel_stage_failure_continues PASSED [  8%]
tests/integration/application/test_pipeline_manager_negative.py::test_checkpoint_save_failure_doesnt_break_pipeline PASSED [  8%]
tests/integration/application/test_pipeline_manager_negative.py::test_checkpoint_load_failure_starts_fresh PASSED [  8%]
tests/integration/application/test_pipeline_manager_negative.py::test_event_emission_failure_doesnt_break_pipeline PASSED [  8%]
tests/integration/application/test_pipeline_manager_negative.py::test_stage_waits_for_unmet_dependencies SKIPPED [  8%]
tests/integration/application/test_pipeline_manager_negative.py::test_context_propagation_with_failed_stage PASSED [  8%]
tests/integration/application/test_pipeline_manager_negative.py::test_execute_stage_with_invalid_status PASSED [  8%]
tests/integration/application/test_review_service.py::test_create_review_cycle PASSED [  8%]
tests/integration/application/test_review_service.py::test_create_review_cycle_same_agent_fails PASSED [  8%]
tests/integration/application/test_review_service.py::test_start_iteration PASSED [  8%]
tests/integration/application/test_review_service.py::test_submit_review_approve PASSED [  8%]
tests/integration/application/test_review_service.py::test_submit_review_request_changes PASSED [  8%]
tests/integration/application/test_review_service.py::test_multiple_iterations PASSED [  8%]
tests/integration/application/test_review_service.py::test_max_iterations_escalation PASSED [  8%]
tests/integration/application/test_review_service.py::test_should_escalate PASSED [  8%]
tests/integration/application/test_review_service.py::test_complete_cycle_approved PASSED [  8%]
tests/integration/application/test_review_service.py::test_get_review_status PASSED [  8%]
tests/integration/application/test_review_service.py::test_create_review_cycle_event_store_error PASSED [  8%]
tests/integration/application/test_review_service.py::test_start_iteration_event_store_error PASSED [  8%]
tests/integration/application/test_review_service.py::test_submit_review_event_store_error PASSED [  8%]
tests/integration/application/test_review_service.py::test_escalate_on_first_iteration PASSED [  8%]
tests/integration/application/test_review_service.py::test_multiple_file_types_in_feedback PASSED [  8%]
tests/integration/application/test_review_service.py::test_custom_severity_keywords PASSED [  8%]
tests/integration/application/test_work_item_service.py::test_create_work_item PASSED [  8%]
tests/integration/application/test_work_item_service.py::test_create_work_item_with_external_id PASSED [  8%]
tests/integration/application/test_work_item_service.py::test_get_work_item PASSED [  8%]
tests/integration/application/test_work_item_service.py::test_get_nonexistent_work_item PASSED [  8%]
tests/integration/application/test_work_item_service.py::test_list_work_items_empty PASSED [  8%]
tests/integration/application/test_work_item_service.py::test_list_work_items_multiple PASSED [  8%]
tests/integration/application/test_work_item_service.py::test_list_work_items_with_pagination PASSED [  8%]
tests/integration/application/test_work_item_service.py::test_list_work_items_with_project_filter PASSED [  8%]
tests/integration/application/test_work_item_service.py::test_list_work_items_with_priority_filter PASSED [  8%]
tests/integration/application/test_work_item_service.py::test_list_work_items_with_label_filter PASSED [  8%]
tests/integration/application/test_work_item_service.py::test_list_work_items_sorting_by_title PASSED [  8%]
tests/integration/application/test_work_item_service.py::test_search_work_items PASSED [  8%]
tests/integration/application/test_work_item_service.py::test_count_work_items PASSED [  8%]
tests/integration/application/test_work_item_service.py::test_update_work_item_title_and_description PASSED [  8%]
tests/integration/application/test_work_item_service.py::test_update_work_item_labels PASSED [  8%]
tests/integration/application/test_work_item_service.py::test_update_work_item_priority PASSED [  8%]
tests/integration/application/test_work_item_service.py::test_assign_agent PASSED [  8%]
tests/integration/application/test_work_item_service.py::test_attach_workflow PASSED [  8%]
tests/integration/application/test_work_item_service.py::test_update_stage PASSED [  8%]
tests/integration/application/test_work_item_service.py::test_get_work_item_history PASSED [  8%]
tests/integration/application/test_work_item_service.py::test_get_work_item_history_with_limit PASSED [  8%]
tests/integration/application/test_work_item_service.py::test_list_work_items_with_corrupted_event_stream PASSED [  8%]
tests/integration/application/test_work_item_service.py::test_delete_work_item PASSED [  8%]
tests/integration/application/test_work_item_service.py::test_date_filtering PASSED [  8%]
tests/integration/application/test_workflow_orchestrator.py::test_handle_card_movement_success PASSED [  8%]
tests/integration/application/test_workflow_orchestrator.py::test_handle_card_movement_duplicate_work PASSED [  8%]
tests/integration/application/test_workflow_orchestrator.py::test_handle_card_movement_invalid_column PASSED [  8%]
tests/integration/application/test_workflow_orchestrator.py::test_handle_stage_completion_with_review PASSED [  8%]
tests/integration/application/test_workflow_orchestrator.py::test_handle_stage_completion_with_auto_advance PASSED [  8%]
tests/integration/application/test_workflow_orchestrator.py::test_handle_stage_completion_failure PASSED [  8%]
tests/integration/application/test_workflow_orchestrator.py::test_handle_review_cycle_completion_approved PASSED [  8%]
tests/integration/application/test_workflow_orchestrator.py::test_handle_review_cycle_completion_rejected PASSED [  8%]
tests/integration/application/test_workflow_orchestrator.py::test_handle_review_cycle_completion_max_iterations PASSED [  8%]
tests/integration/application/test_workflow_orchestrator.py::test_handle_feedback PASSED [  8%]
tests/integration/application/test_workflow_orchestrator.py::test_workflow_state_persistence PASSED [  8%]
tests/integration/application/test_workflow_orchestrator.py::test_handle_stage_completion_with_extra_context_keys PASSED [  8%]
tests/integration/application/test_workflow_orchestrator.py::test_handle_review_cycle_completion_with_extra_context_keys PASSED [  9%]
tests/integration/application/test_workflow_orchestrator.py::test_handle_review_cycle_completion_missing_max_iterations PASSED [  9%]
tests/integration/application/test_workflow_orchestrator.py::test_handle_review_cycle_completion_max_iterations_exceeded PASSED [  9%]
tests/integration/application/test_workflow_orchestrator.py::test_orchestrate_project_happy_path PASSED [  9%]
tests/integration/application/test_workflow_orchestrator.py::test_orchestrate_project_no_boards PASSED [  9%]
tests/integration/application/test_workflow_orchestrator.py::test_orchestrate_project_no_matching_boards_for_project PASSED [  9%]
tests/integration/application/test_workflow_orchestrator.py::test_orchestrate_project_workflow_config_load_failure_continues PASSED [  9%]
tests/integration/application/test_workflow_orchestrator.py::test_orchestrate_project_individual_item_failure_continues PASSED [  9%]
tests/integration/application/test_workflow_run_audit.py::test_get_workflow_run_audit_basic PASSED [  9%]
tests/integration/application/test_workflow_run_audit.py::test_get_workflow_run_audit_not_found PASSED [  9%]
tests/integration/application/test_workflow_run_audit.py::test_audit_event_pagination_first_page PASSED [  9%]
tests/integration/application/test_workflow_run_audit.py::test_audit_event_pagination_middle_page PASSED [  9%]
tests/integration/application/test_workflow_run_audit.py::test_audit_event_pagination_last_page PASSED [  9%]
tests/integration/application/test_workflow_run_audit.py::test_audit_event_pagination_beyond_end PASSED [  9%]
tests/integration/application/test_workflow_run_audit.py::test_audit_stage_grouping PASSED [  9%]
tests/integration/application/test_workflow_run_audit.py::test_audit_sequence_validation_valid PASSED [  9%]
tests/integration/application/test_workflow_run_audit.py::test_audit_sequence_validation_structure PASSED [  9%]
tests/integration/application/test_workflow_run_audit.py::test_audit_caching_same_request PASSED [  9%]
tests/integration/application/test_workflow_run_audit.py::test_audit_caching_different_pagination PASSED [  9%]
tests/integration/application/test_workflow_run_audit.py::test_audit_event_format PASSED [  9%]
tests/integration/application/test_workflow_run_audit.py::test_audit_invalid_pagination PASSED [  9%]
tests/integration/application/test_workflow_run_audit.py::test_audit_zero_limit PASSED [  9%]
tests/integration/application/test_workflow_run_audit.py::test_audit_without_validation PASSED [  9%]
tests/integration/application/test_workflow_run_audit.py::test_audit_stage_with_no_events PASSED [  9%]
tests/integration/application/test_workflow_run_query_service.py::TestGetWorkflowRun::test_get_workflow_run_success PASSED [  9%]
tests/integration/application/test_workflow_run_query_service.py::TestGetWorkflowRun::test_get_workflow_run_not_found PASSED [  9%]
tests/integration/application/test_workflow_run_query_service.py::TestGetWorkflowRun::test_get_workflow_run_with_work_item_metadata PASSED [  9%]
tests/integration/application/test_workflow_run_query_service.py::TestListWorkflowRuns::test_list_all_workflow_runs PASSED [  9%]
tests/integration/application/test_workflow_run_query_service.py::TestListWorkflowRuns::test_list_workflow_runs_with_pagination PASSED [  9%]
tests/integration/application/test_workflow_run_query_service.py::TestListWorkflowRuns::test_list_workflow_runs_filter_by_status PASSED [  9%]
tests/integration/application/test_workflow_run_query_service.py::TestListWorkflowRuns::test_list_workflow_runs_filter_by_project PASSED [  9%]
tests/integration/application/test_workflow_run_query_service.py::TestListWorkflowRuns::test_list_workflow_runs_filter_by_work_item PASSED [  9%]
tests/integration/application/test_workflow_run_query_service.py::TestListWorkflowRuns::test_list_workflow_runs_sort_by_started_at_desc PASSED [  9%]
tests/integration/application/test_workflow_run_query_service.py::TestListWorkflowRuns::test_list_workflow_runs_sort_by_duration PASSED [  9%]
tests/integration/application/test_workflow_run_query_service.py::TestListWorkflowRuns::test_list_workflow_runs_empty_result PASSED [  9%]
tests/integration/application/test_workflow_run_query_service.py::TestGetWorkflowRunEvents::test_get_workflow_run_events_success PASSED [  9%]
tests/integration/application/test_workflow_run_query_service.py::TestGetWorkflowRunEvents::test_get_workflow_run_events_with_pagination PASSED [  9%]
tests/integration/application/test_workflow_run_query_service.py::TestGetWorkflowRunEvents::test_get_workflow_run_events_filter_by_type PASSED [  9%]
tests/integration/application/test_workflow_run_query_service.py::TestGetWorkflowRunEvents::test_get_workflow_run_events_not_found PASSED [  9%]
tests/integration/application/test_workflow_run_query_service.py::TestGetWorkflowRunEvents::test_get_workflow_run_events_structure PASSED [  9%]
tests/integration/application/test_workflow_run_query_service.py::TestCaching::test_work_item_metadata_cached PASSED [  9%]
tests/integration/application/test_workflow_run_query_service.py::TestCaching::test_graceful_degradation_on_ticket_system_error PASSED [  9%]
tests/integration/application/test_workflow_run_query_service.py::TestStageOutputFields::test_stage_info_includes_output_fields PASSED [  9%]
tests/integration/application/test_workflow_run_query_service.py::TestStageOutputFields::test_stage_info_with_error_message PASSED [  9%]
tests/integration/application/test_workflow_run_query_service.py::TestStageOutputFields::test_stage_dto_mapping_includes_output_fields PASSED [  9%]
tests/integration/application/test_workflow_run_query_service.py::TestStageOutputFields::test_audit_stage_info_includes_output_fields PASSED [  9%]
tests/integration/application/test_workflow_run_query_service.py::TestStageOutputFields::test_mapper_preserves_output_fields PASSED [  9%]
tests/integration/application/test_workspace_router.py::test_route_workspace_issue_type PASSED [  9%]
tests/integration/application/test_workspace_router.py::test_branch_name_generation PASSED [  9%]
tests/integration/application/test_workspace_router.py::test_prepare_workspace_new_branch PASSED [  9%]
tests/integration/application/test_workspace_router.py::test_prepare_workspace_existing_branch PASSED [  9%]
tests/integration/application/test_workspace_router.py::test_finalize_workspace_with_changes PASSED [  9%]
tests/integration/application/test_workspace_router.py::test_finalize_workspace_no_changes PASSED [  9%]
tests/integration/application/test_workspace_router.py::test_prepare_container_environment PASSED [  9%]
tests/integration/application/test_workspace_router.py::test_prepare_container_volumes_read_write PASSED [  9%]
tests/integration/application/test_workspace_router.py::test_route_workspace_with_branch_resolution_create PASSED [  9%]
tests/integration/application/test_workspace_router.py::test_route_workspace_with_branch_resolution_reuse PASSED [  9%]
tests/integration/application/test_workspace_router.py::test_prepare_workspace_with_branch_resolution_create PASSED [  9%]
tests/integration/application/test_workspace_router.py::test_prepare_workspace_with_branch_resolution_reuse PASSED [  9%]
tests/integration/application/test_workspace_router.py::test_route_workspace_without_resolution_service_is_backward_compatible PASSED [  9%]
tests/integration/application/test_workspace_router.py::test_prepare_workspace_without_resolution_service_uses_fallback_logic PASSED [ 10%]
tests/integration/application/test_workspace_router.py::test_prepare_workspace_with_resolution_service_failure_falls_back PASSED [ 10%]
tests/integration/application/test_workspace_router.py::test_finalize_workspace_with_branch_resolution_reuse_pushes_resolved_branch PASSED [ 10%]
tests/integration/application/test_workspace_router.py::test_finalize_workspace_with_branch_resolution_create_pushes_resolved_branch PASSED [ 10%]
tests/integration/application/test_workspace_router_negative.py::test_prepare_workspace_branch_creation_fails PASSED [ 10%]
tests/integration/application/test_workspace_router_negative.py::test_finalize_workspace_commit_fails PASSED [ 10%]
tests/integration/application/test_workspace_router_negative.py::test_finalize_workspace_push_fails PASSED [ 10%]
tests/integration/application/test_workspace_router_negative.py::test_prepare_workspace_checkout_fails PASSED [ 10%]
tests/integration/event_handlers/test_board_event_handler_integration.py::TestEndToEndColumnChangeWorkflow::test_full_sdlc_workflow_with_pipeline_lock PASSED [ 10%]
tests/integration/event_handlers/test_board_event_handler_integration.py::TestEndToEndColumnChangeWorkflow::test_lock_queuing_workflow PASSED [ 10%]
tests/integration/event_handlers/test_board_event_handler_integration.py::TestEndToEndColumnChangeWorkflow::test_auto_progression_chain PASSED [ 10%]
tests/integration/event_handlers/test_board_event_handler_integration.py::TestErrorRecovery::test_handler_continues_after_exception PASSED [ 10%]
tests/integration/event_handlers/test_board_event_handler_integration.py::TestMultipleBoardsAndProjects::test_different_workflows_per_board PASSED [ 10%]
tests/integration/infrastructure/adapters/test_adapter_swapping_simple.py::TestTicketSystemSwapping::test_in_memory_adapter_isolation PASSED [ 10%]
tests/integration/infrastructure/adapters/test_adapter_swapping_simple.py::TestLLMProviderSwapping::test_mock_adapter_creation PASSED [ 10%]
tests/integration/infrastructure/adapters/test_adapter_swapping_simple.py::TestContainerSwapping::test_fake_container_operations PASSED [ 10%]
tests/integration/infrastructure/adapters/test_adapter_swapping_simple.py::TestRepositorySwapping::test_in_memory_repository_creation PASSED [ 10%]
tests/integration/infrastructure/adapters/test_adapter_swapping_simple.py::TestModeBasedSwapping::test_production_mode_adapters PASSED [ 10%]
tests/integration/infrastructure/adapters/test_adapter_swapping_simple.py::TestModeBasedSwapping::test_simulation_mode_adapters PASSED [ 10%]
tests/integration/infrastructure/adapters/test_adapter_swapping_simple.py::TestRuntimeAdapterSwapping::test_mode_change_during_execution PASSED [ 10%]
tests/integration/infrastructure/adapters/test_adapter_swapping_simple.py::TestMultipleAdapterTypes::test_multiple_adapters_simultaneously PASSED [ 10%]
tests/integration/infrastructure/adapters/test_adapter_swapping_simple.py::TestRegistryModification::test_register_custom_adapter PASSED [ 10%]
tests/integration/infrastructure/adapters/test_adapter_swapping_simple.py::TestRegistryModification::test_swap_to_custom_adapter PASSED [ 10%]
tests/integration/infrastructure/adapters/test_adapter_swapping_simple.py::TestRegistryModification::test_unregister_and_swap PASSED [ 10%]
[...]
src/codetoreum/infrastructure/event_types.py                                                              26      0 100.00%
src/codetoreum/infrastructure/health/health_checker.py                                                   173     28  83.82%   91-97, 168-174, 194, 223-240, 250-256, 267, 327-328, 425-426, 453, 482-483
src/codetoreum/infrastructure/health/interfaces.py                                                        28      0 100.00%
src/codetoreum/infrastructure/http/github_graphql_client.py                                               55     36  34.55%   47-58, 62-64, 84-133, 141
src/codetoreum/infrastructure/logging.py                                                                  82      9  89.02%   23-26, 193-194, 202, 291-297
src/codetoreum/infrastructure/metrics_collector.py                                                       178    154  13.48%   33-63, 67-98, 117-124, 133-158, 167-181, 190-208, 217-233, 242-252, 261-272, 281-295, 304-326, 335-354, 363-375, 384-399, 408-439, 449-473, 500-524
src/codetoreum/infrastructure/mock_dead_letter_queue.py                                                   73     57  21.92%   48-60, 68, 72, 82, 86, 97-109, 117-186, 195-210, 218, 226-232
src/codetoreum/infrastructure/observability/auto_instrument.py                                            65     57  12.31%   35-54, 59-69, 74-84, 90-113, 131-143
src/codetoreum/infrastructure/observability/config.py                                                     96     12  87.50%   55, 135, 177-180, 247-250, 266-271, 289-293
src/codetoreum/infrastructure/observability/event_bus_instrumentation.py                                 107     42  60.75%   23-26, 90-91, 145-146, 183-193, 238, 251, 254-288, 326-327, 354-366
src/codetoreum/infrastructure/observability/instrumentation.py                                           144     82  43.06%   40-43, 49, 93-140, 182-185, 194, 203, 214, 249-275, 297, 301-302, 322-327, 345-363, 399-401
src/codetoreum/infrastructure/observability/logging_integration.py                                        21      8  61.90%   14-16, 52-54, 62-63
src/codetoreum/infrastructure/observability/otel_setup.py                                                223    197  11.66%   21-53, 79-117, 130-141, 156-165, 174-272, 287-296, 323-393, 408-417, 447-487, 523-626
src/codetoreum/infrastructure/observability/trace_context_propagation.py                                 127     15  88.19%   38-42, 85-89, 119-126, 185, 214-215, 245, 281
src/codetoreum/infrastructure/observability/websocket_instrumentation.py                                  89     18  79.78%   23-25, 77, 139-140, 164-165, 215, 249, 281, 324, 367, 387-388, 406, 430-431
src/codetoreum/infrastructure/redis_config_cache.py                                                      300    261  13.00%   67-82, 94-111, 115-125, 138-159, 167, 179-200, 212-233, 243-264, 277-298, 308-324, 337-358, 368-384, 396-417, 427-443, 452-469, 479-490, 500-511, 520-527, 531-538, 547-550, 562-568, 572, 591-593, 612, 630-632, 650, 664-666, 680, 693-695, 708-723
src/codetoreum/infrastructure/redis_event_buffer.py                                                      130    108  16.92%   56-62, 71-96, 111-143, 158-192, 214-260, 275-291, 306-321, 333-339, 351-378, 389-403, 412-413
src/codetoreum/infrastructure/repair_cycle_logging.py                                                    147    147   0.00%   11-391
src/codetoreum/infrastructure/repair_cycle_metrics_collector.py                                          297    297   0.00%   14-630
src/codetoreum/infrastructure/repair_cycle_profiling.py                                                  185    185   0.00%   11-443
src/codetoreum/infrastructure/repair_cycle_tracing.py                                                    200    200   0.00%   11-410
src/codetoreum/infrastructure/resilience/circuit_breaker.py                                               87      2  97.70%   98, 104
src/codetoreum/infrastructure/resilience/config.py                                                        69     17  75.36%   103-138
src/codetoreum/infrastructure/resilience/decorators.py                                                   222    107  51.80%   102, 112, 120, 128, 141, 159, 174, 188-197, 207, 220, 233, 245, 258, 266, 301, 314, 319, 377-379, 392-402, 410, 423-425, 433, 441, 453, 464, 481, 489, 493, 533-538, 544, 548, 552, 558, 566, 574, 580, 588, 596, 604, 612, 620, 630, 640, 648, 659, 680-692, 702-710, 746-751, 755, 768, 776, 780, 784, 792, 796, 800, 804, 808, 812-813, 832-844, 854-862
src/codetoreum/infrastructure/resilience/exceptions.py                                                    14      0 100.00%
src/codetoreum/infrastructure/resilience/factory.py                                                       54      0 100.00%
src/codetoreum/infrastructure/resilience/interfaces.py                                                    47      0 100.00%
src/codetoreum/infrastructure/resilience/mocks.py                                                        121     22  81.82%   71, 78, 83-86, 98-100, 166, 187-189, 193, 197, 202, 255, 259-262, 272-274
src/codetoreum/infrastructure/resilience/rate_limiter.py                                                  79      2  97.47%   103, 123
src/codetoreum/infrastructure/resilience/retry_policy.py                                                  63      6  90.48%   77-78, 97-100
src/codetoreum/infrastructure/resilience/timeout.py                                                       28      0 100.00%
src/codetoreum/infrastructure/security/input_validation.py                                               125      7  94.40%   146-147, 286-288, 363-364
src/codetoreum/infrastructure/simulation/bootstrap.py                                                    999    272  72.77%   391-392, 401-402, 411-412, 420-423, 431-432, 446-447, 449-451, 458-461, 468-471, 478-481, 489-490, 499-500, 508-511, 518-521, 528-531, 538-541, 554-555, 557-559, 566-569, 576-579, 586-589, 597-598, 606-609, 616-619, 626-633, 640-650, 658-659, 668-669, 677-680, 687-690, 697-700, 707-710, 723-724, 726-728, 742-753, 890, 982-1001, 1025-1035, 1047, 1053, 1065-1075, 1094-1104, 1124-1134, 1143-1144, 1211-1212, 1282-1283, 1285-1286, 1376-1382, 1393-1394, 1463-1464, 1537-1538, 1563-1571, 1588-1589, 1644-1645, 1691-1692, 1791-1795, 1798, 1808, 1811, 1821, 1830, 1912-1913, 1932-1933, 2001-2002, 2151-2152, 2177-2178, 2206-2207, 2233-2234, 2258-2260, 2284-2286, 2319-2321, 2373-2379, 2392-2393, 2438-2440, 2471-2473, 2511-2512, 2514, 2524-2525, 2527, 2530, 2537-2540, 2558-2600, 2612-2651, 2681-2682, 2686-2687, 2699-2700
src/codetoreum/infrastructure/simulation/causal_link_registry.py                                         108      3  97.22%   71, 91, 264
src/codetoreum/infrastructure/simulation/contract_test_generator.py                                      125      5  96.00%   213-214, 315, 325, 329
src/codetoreum/infrastructure/simulation/mock_tracer.py                                                  222     73  67.12%   53-55, 60, 64, 139-141, 154-161, 233-234, 266-268, 284-285, 317, 369-371, 418, 422-425, 442, 446, 450-456, 531-542, 553-557, 561-563, 568-577, 581-589, 594-596, 601-602, 606-608, 613-615
src/codetoreum/infrastructure/simulation/proportional_delay_calculator.py                                 69      4  94.20%   211, 213, 217, 219
src/codetoreum/infrastructure/simulation/scenario_models.py                                              290     33  88.62%   44-45, 61, 65-66, 294, 373-374, 382-383, 411-428, 473-474, 529, 564, 572, 650-651, 664-665, 678-679
src/codetoreum/infrastructure/simulation/seeding.py                                                      520     93  82.12%   63, 380-381, 574-575, 665-666, 677, 1263, 1293-1294, 1297-1299, 1311-1313, 1340-1343, 1438, 1463-1468, 1484, 1497-1542, 1617, 1641, 1660-1665, 1681, 1706-1718, 1739-1755, 1774-1798, 1817-1832, 1845-1846
src/codetoreum/infrastructure/simulation/simulation_clock.py                                             164     39  76.22%   108-109, 135, 137, 194, 196, 235-239, 271, 273, 302, 359, 387-388, 392-409, 413-415, 437, 446, 455, 470-472, 483, 489
src/codetoreum/infrastructure/simulation/simulation_config.py                                            239      5  97.91%   254, 555, 581, 623, 684
src/codetoreum/infrastructure/simulation/simulation_engine.py                                             89      5  94.38%   192, 201, 292, 458-459
src/codetoreum/infrastructure/simulation/simulation_runner.py                                            205     53  74.15%   53, 58, 127-129, 169, 213-220, 236, 298, 385-389, 409-416, 461-462, 492-493, 528-529, 550-553, 568, 579-582, 620-643, 647
src/codetoreum/infrastructure/simulation/watchdogs.py                                                    259     50  80.69%   136-147, 168, 215, 253-254, 356, 360-361, 433-434, 549, 553-554, 593-598, 621-627, 706-710, 816, 820-821, 866-871, 877-883, 891-897, 902, 907, 916, 922, 942-943
src/codetoreum/ports/exceptions.py                                                                        62      5  91.94%   110-112, 241-242
src/codetoreum/ports/input/agent_command.py                                                               59      0 100.00%
src/codetoreum/ports/input/agent_query.py                                                                 62      0 100.00%
src/codetoreum/ports/input/audit_query.py                                                                 42      0 100.00%
src/codetoreum/ports/input/authentication.py                                                              73     16  78.08%   55-56, 69-70, 72-73, 75-76, 89-90, 92-93, 95-96, 98-99
src/codetoreum/ports/input/config_command.py                                                              68      0 100.00%
src/codetoreum/ports/input/config_query.py                                                                73      0 100.00%
src/codetoreum/ports/input/conversational_loop_service.py                                                  5      0 100.00%
src/codetoreum/ports/input/exceptions.py                                                                  17      0 100.00%
src/codetoreum/ports/input/execution_command.py                                                           20      0 100.00%
src/codetoreum/ports/input/execution_query.py                                                            100      0 100.00%
src/codetoreum/ports/input/metrics_query.py                                                               92      0 100.00%
src/codetoreum/ports/input/orchestration_command.py                                                       46      0 100.00%
src/codetoreum/ports/input/task_query.py                                                                  72      0 100.00%
src/codetoreum/ports/input/work_item_command.py                                                           47      0 100.00%
src/codetoreum/ports/input/work_item_query.py                                                             51      0 100.00%
src/codetoreum/ports/input/workflow_command.py                                                            46      0 100.00%
src/codetoreum/ports/input/workflow_definition_command.py                                                 47      0 100.00%
src/codetoreum/ports/input/workflow_query.py                                                              97      0 100.00%
src/codetoreum/ports/input/workflow_run_query.py                                                         157     18  88.54%   65-66, 109-110, 115-116, 193-194, 196-197, 199-200, 219-220, 222-223, 225-226
src/codetoreum/ports/input/workspace_query.py                                                             81      0 100.00%
src/codetoreum/ports/output/active_workflow_run_registry.py                                               22      0 100.00%
src/codetoreum/ports/output/agent_executor.py                                                              2      0 100.00%
src/codetoreum/ports/output/agent_repository.py                                                            3      0 100.00%
src/codetoreum/ports/output/board_service.py                                                             173     69  60.12%   51-52, 55-56, 60-61, 64-65, 72-73, 76-77, 102-103, 106-107, 111-112, 115-116, 123-124, 151-152, 155-156, 159-160, 167-168, 171-172, 199-200, 204-205, 208-209, 212-213, 216-217, 247-248, 261-262, 265-266, 269-270, 273-274, 277-278, 281-283, 286-287, 290-291, 318-319, 326-327, 330-331, 334-335
src/codetoreum/ports/output/branch_resolution_service.py                                                   6      0 100.00%
src/codetoreum/ports/output/ci_pipeline_service.py                                                       142      0 100.00%
src/codetoreum/ports/output/code_review_service.py                                                        96     38  60.42%   39-40, 43-44, 86-87, 90-91, 94-95, 98-99, 102-103, 106-107, 110-111, 114-115, 118-119, 123-124, 153-154, 157-158, 161-162, 165-166, 170-171, 176-177, 180-181
src/codetoreum/ports/output/config_store.py                                                              313    144  53.99%   58, 62, 66, 73-74, 77-78, 81-82, 85-86, 89-90, 93-94, 97-98, 101-102, 105-106, 109-110, 113-114, 118-119, 123-124, 127-128, 131-132, 169, 178-179, 182-183, 186-187, 190-191, 194-195, 198-199, 202-203, 206-207, 247-248, 251-252, 255-256, 259-260, 263-264, 267-268, 291-320, 341-366, 384-400, 420-439, 464-465, 468-469, 474-475, 478-479, 483-484
src/codetoreum/ports/output/container.py                                                                  60     22  63.33%   33-34, 37-38, 41-42, 45-46, 49-50, 71-72, 82-83, 86-87, 91-92, 96-97, 101-102
src/codetoreum/ports/output/container_recovery.py                                                        123      6  95.12%   92-93, 98-99, 162-163
src/codetoreum/ports/output/discussion_adapter.py                                                         42     13  69.05%   50-52, 82-83, 86-87, 90-91, 94-95, 98-99
src/codetoreum/ports/output/encryption_service.py                                                          4      0 100.00%
src/codetoreum/ports/output/environment_repair_service.py                                                  4      0 100.00%
src/codetoreum/ports/output/event_emitter.py                                                              22      5  77.27%   79-85
src/codetoreum/ports/output/event_store.py                                                                 6      0 100.00%
src/codetoreum/ports/output/failed_event_store.py                                                         44      5  88.64%   50-57
src/codetoreum/ports/output/i_tracer.py                                                                   94     42  55.32%   128-143, 148-157, 162-171, 176-178, 183, 187, 196-199, 209, 213-214
src/codetoreum/ports/output/identity_service.py                                                           25      8  68.00%   45-46, 49-50, 53-54, 57-58
src/codetoreum/ports/output/llm_provider.py                                                              358    162  54.75%   64, 68, 72, 82, 92, 102-103, 106-107, 110-112, 115-116, 119-120, 123-124, 128-129, 132-133, 136-138, 145-146, 149-150, 153-154, 157-159, 162-163, 166-167, 170-171, 174-175, 178-180, 183-185, 188-190, 193-194, 219, 222-223, 226-227, 230-231, 234-235, 238-239, 262-263, 266-267, 270-271, 289-298, 325, 328-329, 332-333, 336-337, 340-342, 345-346, 349-350, 390, 394, 397-398, 401-402, 405-406, 409-410, 414-415, 422-423, 426-427, 430-431, 434-435, 438-439, 442-443, 446-447, 451-452, 455-456, 459-460, 465, 492, 495-496, 499-500, 503-504, 511-512, 519-520, 523-524, 527-528, 531-532, 535-536, 539-540, 568-569, 572-573, 576-577, 580-581, 584-585, 588-589, 592-593, 596-597
src/codetoreum/ports/output/message_broker.py                                                              5      0 100.00%
src/codetoreum/ports/output/metrics.py                                                                    36     13  63.89%   38-39, 42-43, 46-47, 50-51, 54-56, 59-60
src/codetoreum/ports/output/monitoring.py                                                                 47     16  65.96%   49-50, 53-54, 58-59, 62-64, 93-94, 97-103, 106-107
src/codetoreum/ports/output/multi_project_orchestrator.py                                                 29      0 100.00%
src/codetoreum/ports/output/notifier.py                                                                  146     80  45.21%   66-88, 107-108, 111-112, 115-117, 120-121, 138-148, 165-176, 199-241
src/codetoreum/ports/output/pipeline_lock_service.py                                                      33     12  63.64%   69-70, 73-74, 77-78, 81-82, 85-86, 89-90
src/codetoreum/ports/output/pipeline_queue_service.py                                                     58     20  65.52%   62-63, 65-66, 68-69, 137-138, 141-142, 145-146, 149-150, 153-154, 157-158, 161-162
src/codetoreum/ports/output/pr_review_cycle_service.py                                                    71      0 100.00%
src/codetoreum/ports/output/project_manager_service.py                                                     3      0 100.00%
src/codetoreum/ports/output/repair_cycle_checkpoint_store.py                                               3      0 100.00%
src/codetoreum/ports/output/repair_cycle_service.py                                                        2      0 100.00%
src/codetoreum/ports/output/repository.py                                                                112     50  55.36%   36-37, 40-41, 44-45, 48-49, 52-53, 56-57, 60-61, 64-65, 69-70, 73-74, 78-79, 82-83, 103-104, 107-108, 112-113, 118-119, 136-137, 140-141, 162-163, 166-167, 170-171, 174-175, 178-179, 182-183, 186-187
src/codetoreum/ports/output/review_cycle_service.py                                                      178     65  63.48%   50-51, 54-55, 58-60, 63-65, 95-96, 99-100, 103-104, 107-108, 112-113, 138-139, 142-143, 146-147, 150-151, 209-210, 213-215, 275-276, 283-284, 287-289, 296-297, 300-301, 304-305, 308-309, 312-313, 322-323, 326-327, 330-332, 335-337, 340-342, 366-367
src/codetoreum/ports/output/storage.py                                                                    46     17  63.04%   40-41, 45-46, 49-50, 53-54, 58-59, 62-63, 68-69, 72-74
src/codetoreum/ports/output/systemic_analysis_service.py                                                   3      0 100.00%
src/codetoreum/ports/output/ticket_system.py                                                               8      0 100.00%
src/codetoreum/ports/output/version_control_service.py                                                    27      8  70.37%   52-53, 56-57, 60-61, 64-65
src/codetoreum/ports/output/work_item_branch_tracker.py                                                    2      0 100.00%
src/codetoreum/ports/output/work_item_service.py                                                           7      0 100.00%
src/codetoreum/ports/output/workflow_config_service.py                                                     3      0 100.00%
src/codetoreum/ports/output/workflow_orchestrator.py                                                       3      0 100.00%
-------------------------------------------------------------------------------------------------------------------------------------
TOTAL                                                                                                  44367  13170  70.32%
=========================== short test summary info ============================
FAILED tests/simulation/test_planning_design_review_cycle_e2e.py::test_issues_found_path
FAILED tests/simulation/test_planning_design_review_cycle_e2e.py::test_approved_path
=========== 2 failed, 5893 passed, 78 skipped in 1343.74s (0:22:23) ============
